<?xml version="1.0" encoding="UTF-8"?>
<testsuite name="DistanceTests" tests="1" skipped="0" failures="0" errors="0" timestamp="2020-03-06T20:55:48" hostname="DESKTOP-7U24L5G" time="0.012">
  <properties/>
  <testcase name="equalPoints" classname="DistanceTests" time="0.012"/>
  <system-out><![CDATA[]]></system-out>
  <system-err><![CDATA[]]></system-err>
</testsuite>
