<?xml version="1.0" encoding="UTF-8"?>
<testsuite name="DistanceTests" tests="1" skipped="0" failures="0" errors="0" timestamp="2020-03-06T15:13:27" hostname="DESKTOP-7U24L5G" time="0.007">
  <properties/>
  <testcase name="negativePoints" classname="DistanceTests" time="0.007"/>
  <system-out><![CDATA[]]></system-out>
  <system-err><![CDATA[]]></system-err>
</testsuite>
