<?xml version="1.0" encoding="UTF-8"?>
<testsuite name="GroupCreationTests" tests="1" skipped="0" failures="0" errors="0" timestamp="2020-03-09T14:37:05" hostname="DESKTOP-7U24L5G" time="2.137">
  <properties/>
  <testcase name="testGroupCreation" classname="GroupCreationTests" time="2.137"/>
  <system-out><![CDATA[]]></system-out>
  <system-err><![CDATA[Starting ChromeDriver 80.0.3987.106 (f68069574609230cf9b635cd784cfb1bf81bb53a-refs/branch-heads/3987@{#882}) on port 24884
Only local connections are allowed.
Please protect ports used by ChromeDriver and related test frameworks to prevent access by malicious code.
[1583764616.675][WARNING]: Timed out connecting to Chrome, retrying...
мар 09, 2020 5:36:58 PM org.openqa.selenium.remote.ProtocolHandshake createSession
INFO: Detected dialect: W3C
[1583764625.290][SEVERE]: Timed out receiving message from renderer: 0.100
]]></system-err>
</testsuite>
